0    DEBUG [2017-01-20 00:08:11]  CookieSpec selected: default
28   DEBUG [2017-01-20 00:08:11]  Auth cache not set in the context
30   DEBUG [2017-01-20 00:08:11]  Connection request: [route: {s}->https://api.github.com:443][total kept alive: 0; route allocated: 0 of 2; total allocated: 0 of 20]
66   DEBUG [2017-01-20 00:08:11]  Connection leased: [id: 0][route: {s}->https://api.github.com:443][total kept alive: 0; route allocated: 1 of 2; total allocated: 1 of 20]
70   DEBUG [2017-01-20 00:08:11]  Opening connection {s}->https://api.github.com:443
3152 DEBUG [2017-01-20 00:08:14]  Connecting to api.github.com/192.30.253.116:443
3153 DEBUG [2017-01-20 00:08:14]  Connecting socket to api.github.com/192.30.253.116:443 with timeout 0
8720 DEBUG [2017-01-20 00:08:19]  Enabled protocols: [TLSv1, TLSv1.1, TLSv1.2]
8721 DEBUG [2017-01-20 00:08:19]  Enabled cipher suites:[TLS_ECDHE_ECDSA_WITH_AES_128_CBC_SHA256, TLS_ECDHE_RSA_WITH_AES_128_CBC_SHA256, TLS_RSA_WITH_AES_128_CBC_SHA256, TLS_ECDH_ECDSA_WITH_AES_128_CBC_SHA256, TLS_ECDH_RSA_WITH_AES_128_CBC_SHA256, TLS_DHE_RSA_WITH_AES_128_CBC_SHA256, TLS_DHE_DSS_WITH_AES_128_CBC_SHA256, TLS_ECDHE_ECDSA_WITH_AES_128_CBC_SHA, TLS_ECDHE_RSA_WITH_AES_128_CBC_SHA, TLS_RSA_WITH_AES_128_CBC_SHA, TLS_ECDH_ECDSA_WITH_AES_128_CBC_SHA, TLS_ECDH_RSA_WITH_AES_128_CBC_SHA, TLS_DHE_RSA_WITH_AES_128_CBC_SHA, TLS_DHE_DSS_WITH_AES_128_CBC_SHA, TLS_ECDHE_ECDSA_WITH_AES_128_GCM_SHA256, TLS_ECDHE_RSA_WITH_AES_128_GCM_SHA256, TLS_RSA_WITH_AES_128_GCM_SHA256, TLS_ECDH_ECDSA_WITH_AES_128_GCM_SHA256, TLS_ECDH_RSA_WITH_AES_128_GCM_SHA256, TLS_DHE_RSA_WITH_AES_128_GCM_SHA256, TLS_DHE_DSS_WITH_AES_128_GCM_SHA256, TLS_ECDHE_ECDSA_WITH_3DES_EDE_CBC_SHA, TLS_ECDHE_RSA_WITH_3DES_EDE_CBC_SHA, SSL_RSA_WITH_3DES_EDE_CBC_SHA, TLS_ECDH_ECDSA_WITH_3DES_EDE_CBC_SHA, TLS_ECDH_RSA_WITH_3DES_EDE_CBC_SHA, SSL_DHE_RSA_WITH_3DES_EDE_CBC_SHA, SSL_DHE_DSS_WITH_3DES_EDE_CBC_SHA, TLS_EMPTY_RENEGOTIATION_INFO_SCSV]
8722 DEBUG [2017-01-20 00:08:19]  Starting handshake
9395 DEBUG [2017-01-20 00:08:20]  Secure session established
9396 DEBUG [2017-01-20 00:08:20]   negotiated protocol: TLSv1.2
9397 DEBUG [2017-01-20 00:08:20]   negotiated cipher suite: TLS_ECDHE_RSA_WITH_AES_128_GCM_SHA256
9398 DEBUG [2017-01-20 00:08:20]   peer principal: CN=*.github.com, O="GitHub, Inc.", L=San Francisco, ST=California, C=US
9398 DEBUG [2017-01-20 00:08:20]   peer alternative names: [*.github.com, github.com]
9398 DEBUG [2017-01-20 00:08:20]   issuer principal: CN=DigiCert SHA2 High Assurance Server CA, OU=www.digicert.com, O=DigiCert Inc, C=US
9407 DEBUG [2017-01-20 00:08:20]  Connection established 192.168.0.101:59981<->192.30.253.116:443
9407 DEBUG [2017-01-20 00:08:20]  Executing request GET /? HTTP/1.1
9408 DEBUG [2017-01-20 00:08:20]  Target auth state: UNCHALLENGED
9408 DEBUG [2017-01-20 00:08:20]  Proxy auth state: UNCHALLENGED
9411 DEBUG [2017-01-20 00:08:20]  http-outgoing-0 >> GET /? HTTP/1.1
9411 DEBUG [2017-01-20 00:08:20]  http-outgoing-0 >> Host: api.github.com
9411 DEBUG [2017-01-20 00:08:20]  http-outgoing-0 >> Connection: Keep-Alive
9411 DEBUG [2017-01-20 00:08:20]  http-outgoing-0 >> User-Agent: Apache-HttpClient/4.5.2 (Java/1.8.0_91)
9411 DEBUG [2017-01-20 00:08:20]  http-outgoing-0 >> Accept-Encoding: gzip,deflate
9412 DEBUG [2017-01-20 00:08:20]  http-outgoing-0 >> "GET /? HTTP/1.1[\r][\n]"
9412 DEBUG [2017-01-20 00:08:20]  http-outgoing-0 >> "Host: api.github.com[\r][\n]"
9412 DEBUG [2017-01-20 00:08:20]  http-outgoing-0 >> "Connection: Keep-Alive[\r][\n]"
9412 DEBUG [2017-01-20 00:08:20]  http-outgoing-0 >> "User-Agent: Apache-HttpClient/4.5.2 (Java/1.8.0_91)[\r][\n]"
9412 DEBUG [2017-01-20 00:08:20]  http-outgoing-0 >> "Accept-Encoding: gzip,deflate[\r][\n]"
9412 DEBUG [2017-01-20 00:08:20]  http-outgoing-0 >> "[\r][\n]"
9646 DEBUG [2017-01-20 00:08:20]  http-outgoing-0 << "HTTP/1.1 200 OK[\r][\n]"
9646 DEBUG [2017-01-20 00:08:20]  http-outgoing-0 << "Server: GitHub.com[\r][\n]"
9646 DEBUG [2017-01-20 00:08:20]  http-outgoing-0 << "Date: Thu, 19 Jan 2017 16:08:20 GMT[\r][\n]"
9647 DEBUG [2017-01-20 00:08:20]  http-outgoing-0 << "Content-Type: application/json; charset=utf-8[\r][\n]"
9647 DEBUG [2017-01-20 00:08:20]  http-outgoing-0 << "Transfer-Encoding: chunked[\r][\n]"
9647 DEBUG [2017-01-20 00:08:20]  http-outgoing-0 << "Status: 200 OK[\r][\n]"
9647 DEBUG [2017-01-20 00:08:20]  http-outgoing-0 << "X-RateLimit-Limit: 60[\r][\n]"
9647 DEBUG [2017-01-20 00:08:20]  http-outgoing-0 << "X-RateLimit-Remaining: 58[\r][\n]"
9647 DEBUG [2017-01-20 00:08:20]  http-outgoing-0 << "X-RateLimit-Reset: 1484845308[\r][\n]"
9647 DEBUG [2017-01-20 00:08:20]  http-outgoing-0 << "Cache-Control: public, max-age=60, s-maxage=60[\r][\n]"
9648 DEBUG [2017-01-20 00:08:20]  http-outgoing-0 << "Vary: Accept[\r][\n]"
9648 DEBUG [2017-01-20 00:08:20]  http-outgoing-0 << "ETag: W/"71c20e818259a283a4a0ff002435bd03"[\r][\n]"
9648 DEBUG [2017-01-20 00:08:20]  http-outgoing-0 << "X-GitHub-Media-Type: github.v3; format=json[\r][\n]"
9649 DEBUG [2017-01-20 00:08:20]  http-outgoing-0 << "Access-Control-Expose-Headers: ETag, Link, X-GitHub-OTP, X-RateLimit-Limit, X-RateLimit-Remaining, X-RateLimit-Reset, X-OAuth-Scopes, X-Accepted-OAuth-Scopes, X-Poll-Interval[\r][\n]"
9649 DEBUG [2017-01-20 00:08:20]  http-outgoing-0 << "Access-Control-Allow-Origin: *[\r][\n]"
9649 DEBUG [2017-01-20 00:08:20]  http-outgoing-0 << "Content-Security-Policy: default-src 'none'[\r][\n]"
9649 DEBUG [2017-01-20 00:08:20]  http-outgoing-0 << "Strict-Transport-Security: max-age=31536000; includeSubdomains; preload[\r][\n]"
9649 DEBUG [2017-01-20 00:08:20]  http-outgoing-0 << "X-Content-Type-Options: nosniff[\r][\n]"
9649 DEBUG [2017-01-20 00:08:20]  http-outgoing-0 << "X-Frame-Options: deny[\r][\n]"
9649 DEBUG [2017-01-20 00:08:20]  http-outgoing-0 << "X-XSS-Protection: 1; mode=block[\r][\n]"
9649 DEBUG [2017-01-20 00:08:20]  http-outgoing-0 << "Vary: Accept-Encoding[\r][\n]"
9650 DEBUG [2017-01-20 00:08:20]  http-outgoing-0 << "X-Served-By: 4c8b2d4732c413f4b9aefe394bd65569[\r][\n]"
9650 DEBUG [2017-01-20 00:08:20]  http-outgoing-0 << "Content-Encoding: gzip[\r][\n]"
9650 DEBUG [2017-01-20 00:08:20]  http-outgoing-0 << "X-GitHub-Request-Id: EA4D:7EF5:14E3962:1A0F275:5880E46F[\r][\n]"
9650 DEBUG [2017-01-20 00:08:20]  http-outgoing-0 << "[\r][\n]"
9650 DEBUG [2017-01-20 00:08:20]  http-outgoing-0 << "1d9[\r][\n]"
9650 DEBUG [2017-01-20 00:08:20]  http-outgoing-0 << "[0x1f][0x8b][0x8][0x0][0x0][0x0][0x0][0x0][0x0][0x3][0x95][0x95]Mn[0xc2]0[0x10][0x85][0xef][0xc2][0xa2]+[0x84][0xf7]H[0x15]G[0x89]L2$n[0x93]8[0xd8][0x93]"jq[0xf7][0xce][0xd8][0x9]$T[0xb2][0x9d][\r][0xb0][0xf8][0xde][0xcc][0x9b]?[0xe3]v[0xe5]h[0xc][0xf4]X[0x8c][0x16]L1[0x9a]vw[0xdc]5[0x88][0x83]=[\n]"
9650 DEBUG [2017-01-20 00:08:20]  http-outgoing-0 << "![0x7]u[0xa8][0x15]6[0xe3][0xf9]P[0xea]N0[0xb1][0xdb][0xaf][0x5]r[0xc4]F[0x1b][0xf5]+Q[0xe9][0xde][0x16][\r]v[0xed][[0x90]E[0x0][0xb][0x88][0xaa][0xaf][0xad](u[0xdf]C[0xe9]%[0x94]dhU[0x19][0xf4]N[0x94][0xad]b3[0xaa]zP[0xa6][0xb7][0xe0]Qsk[0x96]m[0xea][\n]"
9651 DEBUG [2017-01-20 00:08:20]  http-outgoing-0 << "[\n]"
9651 DEBUG [2017-01-20 00:08:20]  http-outgoing-0 << "[0xb][0xd2][0x94]M[0xbc][0xac][0xc0][0x90][0xa7][\n]"
9651 DEBUG [2017-01-20 00:08:20]  http-outgoing-0 << "N[0xd7]Ow[0x1d][0xc1][0xdc][0x1f][0xee]c[0x90]5[0xec][0x7][0xea][0x89][0xff]a[0xb5][0xc1][0xbd]6[0x15][0x18]6F[0xdd][0xe8][0x14]n[0x8b][0xce][\n]"
9651 DEBUG [2017-01-20 00:08:20]  http-outgoing-0 << "[0x9b][0x9b][0x0]:[0xa9]Z[0x1b][0xf7][0xcd][0xe3][0x10][0x1]$K[0xd0][0xe9]/[0x95]P[0x4][0x86][0xe1][0x1f]jr[\n]"
9651 DEBUG [2017-01-20 00:08:20]  http-outgoing-0 << "[0xf6][0xc][0xc1][0x17][0x80]*[0xc1]z[0x84]Q[0xdd][0xb6][0xfa][0x6]&[0x81]{[0xe7]O[0xf6][0xa9][0xa3][0xd5][0xc8][0xa8]8[0xe8][0x88]u[0x2][0xa5][0xa9][0x1]y [0xb5][0xb2][0xa9]z<[0xe2][0x4]M[0xeb]E{[0x1d][0xcf]G[0x0][0xc5]V[0xd6][0x8e][0x9b]6[0xc9][0xb][0xb2]G[0x1d][0xe8][0xb8][0x91][0xc0][0x90][0x97]o[0xb8][0xe7][0xf4][0x96]1[0xa2]{[0x8d][0xea]2[0xdf]V<[0xc3][\n]"
9651 DEBUG [2017-01-20 00:08:20]  http-outgoing-0 << "%[0xa9]6[0xb5][0xec][0xa7][0xb3].[0xc][0xc][0xda]*[0xa4];[0x87]Dv[0x92]Y[0xe1][0xe8][0xf3]![0xbc][0xc8][0x9d][0xf0]>[0xd0][0x19][0xfd][0xbb]%[0x1e][0xda]*G[0xf4][0xb8]_aI6[0x8c]gz0[0x8a][0xdc][0x91][0x8b][0xc0][0x93][0xd0]H[0x84][0xa2]U|[0xb9][0xd1]l/[0x8e]Es[0xed][0xf7][0x84][0x88]9*[0xfd][0xd6][0xd3][0x13]![0x1c][0xcb][0xb8][0xc6][0x85]|[0xc3][[0xb4]lx[0xee][0x93][0xb1]z[0xc7][0xf3]'[0xe6]o1=+K[0xb7]f[0xa0]"
9660 DEBUG [2017-01-20 00:08:20]  http-outgoing-0 << HTTP/1.1 200 OK
9661 DEBUG [2017-01-20 00:08:20]  http-outgoing-0 << Server: GitHub.com
9661 DEBUG [2017-01-20 00:08:20]  http-outgoing-0 << Date: Thu, 19 Jan 2017 16:08:20 GMT
9661 DEBUG [2017-01-20 00:08:20]  http-outgoing-0 << Content-Type: application/json; charset=utf-8
9662 DEBUG [2017-01-20 00:08:20]  http-outgoing-0 << Transfer-Encoding: chunked
9662 DEBUG [2017-01-20 00:08:20]  http-outgoing-0 << Status: 200 OK
9662 DEBUG [2017-01-20 00:08:20]  http-outgoing-0 << X-RateLimit-Limit: 60
9662 DEBUG [2017-01-20 00:08:20]  http-outgoing-0 << X-RateLimit-Remaining: 58
9662 DEBUG [2017-01-20 00:08:20]  http-outgoing-0 << X-RateLimit-Reset: 1484845308
9662 DEBUG [2017-01-20 00:08:20]  http-outgoing-0 << Cache-Control: public, max-age=60, s-maxage=60
9662 DEBUG [2017-01-20 00:08:20]  http-outgoing-0 << Vary: Accept
9662 DEBUG [2017-01-20 00:08:20]  http-outgoing-0 << ETag: W/"71c20e818259a283a4a0ff002435bd03"
9662 DEBUG [2017-01-20 00:08:20]  http-outgoing-0 << X-GitHub-Media-Type: github.v3; format=json
9663 DEBUG [2017-01-20 00:08:20]  http-outgoing-0 << Access-Control-Expose-Headers: ETag, Link, X-GitHub-OTP, X-RateLimit-Limit, X-RateLimit-Remaining, X-RateLimit-Reset, X-OAuth-Scopes, X-Accepted-OAuth-Scopes, X-Poll-Interval
9663 DEBUG [2017-01-20 00:08:20]  http-outgoing-0 << Access-Control-Allow-Origin: *
9663 DEBUG [2017-01-20 00:08:20]  http-outgoing-0 << Content-Security-Policy: default-src 'none'
9663 DEBUG [2017-01-20 00:08:20]  http-outgoing-0 << Strict-Transport-Security: max-age=31536000; includeSubdomains; preload
9663 DEBUG [2017-01-20 00:08:20]  http-outgoing-0 << X-Content-Type-Options: nosniff
9663 DEBUG [2017-01-20 00:08:20]  http-outgoing-0 << X-Frame-Options: deny
9663 DEBUG [2017-01-20 00:08:20]  http-outgoing-0 << X-XSS-Protection: 1; mode=block
9663 DEBUG [2017-01-20 00:08:20]  http-outgoing-0 << Vary: Accept-Encoding
9663 DEBUG [2017-01-20 00:08:20]  http-outgoing-0 << X-Served-By: 4c8b2d4732c413f4b9aefe394bd65569
9664 DEBUG [2017-01-20 00:08:20]  http-outgoing-0 << Content-Encoding: gzip
9664 DEBUG [2017-01-20 00:08:20]  http-outgoing-0 << X-GitHub-Request-Id: EA4D:7EF5:14E3962:1A0F275:5880E46F
9677 DEBUG [2017-01-20 00:08:20]  Connection can be kept alive indefinitely
9688 DEBUG [2017-01-20 00:08:20]  http-outgoing-0 << "[0x8a][0xf7][0xc0][0xc7][0x9a]H'B+[0x9c][0xf][0xce][0xad][0x98]Cd[0xf]n[0x12][0x90][0x14]Av[0xf1][0xd4]L[0xf0][0xca][0xe7][0xfd][0x8b][0xd1][0xa0][0x18]dW^[0xb0][0xdc][0xc4][0xc4][0x86][0xfb][0x1a]y[0x1f]g[0xed][0xb6]V[0xcf][0x99]3Z[0xee][0x9d]mX[0x1a][0xe6]3_[0x9d][0xc7][0x1f]O[0xd6]8[0x6][0xf7][0x7][0x0][0x0][\r][\n]"
9688 DEBUG [2017-01-20 00:08:20]  http-outgoing-0 << "0[\r][\n]"
9689 DEBUG [2017-01-20 00:08:20]  http-outgoing-0 << "[\r][\n]"
0    DEBUG [2017-01-20 00:08:58]  CookieSpec selected: default
49   DEBUG [2017-01-20 00:08:58]  Auth cache not set in the context
53   DEBUG [2017-01-20 00:08:58]  Connection request: [route: {s}->https://api.github.com:443][total kept alive: 0; route allocated: 0 of 2; total allocated: 0 of 20]
111  DEBUG [2017-01-20 00:08:58]  Connection leased: [id: 0][route: {s}->https://api.github.com:443][total kept alive: 0; route allocated: 1 of 2; total allocated: 1 of 20]
116  DEBUG [2017-01-20 00:08:58]  Opening connection {s}->https://api.github.com:443
132  DEBUG [2017-01-20 00:08:58]  Connecting to api.github.com/192.30.253.116:443
132  DEBUG [2017-01-20 00:08:58]  Connecting socket to api.github.com/192.30.253.116:443 with timeout 0
9962 DEBUG [2017-01-20 00:09:08]  Enabled protocols: [TLSv1, TLSv1.1, TLSv1.2]
9963 DEBUG [2017-01-20 00:09:08]  Enabled cipher suites:[TLS_ECDHE_ECDSA_WITH_AES_128_CBC_SHA256, TLS_ECDHE_RSA_WITH_AES_128_CBC_SHA256, TLS_RSA_WITH_AES_128_CBC_SHA256, TLS_ECDH_ECDSA_WITH_AES_128_CBC_SHA256, TLS_ECDH_RSA_WITH_AES_128_CBC_SHA256, TLS_DHE_RSA_WITH_AES_128_CBC_SHA256, TLS_DHE_DSS_WITH_AES_128_CBC_SHA256, TLS_ECDHE_ECDSA_WITH_AES_128_CBC_SHA, TLS_ECDHE_RSA_WITH_AES_128_CBC_SHA, TLS_RSA_WITH_AES_128_CBC_SHA, TLS_ECDH_ECDSA_WITH_AES_128_CBC_SHA, TLS_ECDH_RSA_WITH_AES_128_CBC_SHA, TLS_DHE_RSA_WITH_AES_128_CBC_SHA, TLS_DHE_DSS_WITH_AES_128_CBC_SHA, TLS_ECDHE_ECDSA_WITH_AES_128_GCM_SHA256, TLS_ECDHE_RSA_WITH_AES_128_GCM_SHA256, TLS_RSA_WITH_AES_128_GCM_SHA256, TLS_ECDH_ECDSA_WITH_AES_128_GCM_SHA256, TLS_ECDH_RSA_WITH_AES_128_GCM_SHA256, TLS_DHE_RSA_WITH_AES_128_GCM_SHA256, TLS_DHE_DSS_WITH_AES_128_GCM_SHA256, TLS_ECDHE_ECDSA_WITH_3DES_EDE_CBC_SHA, TLS_ECDHE_RSA_WITH_3DES_EDE_CBC_SHA, SSL_RSA_WITH_3DES_EDE_CBC_SHA, TLS_ECDH_ECDSA_WITH_3DES_EDE_CBC_SHA, TLS_ECDH_RSA_WITH_3DES_EDE_CBC_SHA, SSL_DHE_RSA_WITH_3DES_EDE_CBC_SHA, SSL_DHE_DSS_WITH_3DES_EDE_CBC_SHA, TLS_EMPTY_RENEGOTIATION_INFO_SCSV]
9964 DEBUG [2017-01-20 00:09:08]  Starting handshake
11022 DEBUG [2017-01-20 00:09:09]  Secure session established
11022 DEBUG [2017-01-20 00:09:09]   negotiated protocol: TLSv1.2
11023 DEBUG [2017-01-20 00:09:09]   negotiated cipher suite: TLS_ECDHE_RSA_WITH_AES_128_GCM_SHA256
11024 DEBUG [2017-01-20 00:09:09]   peer principal: CN=*.github.com, O="GitHub, Inc.", L=San Francisco, ST=California, C=US
11025 DEBUG [2017-01-20 00:09:09]   peer alternative names: [*.github.com, github.com]
11026 DEBUG [2017-01-20 00:09:09]   issuer principal: CN=DigiCert SHA2 High Assurance Server CA, OU=www.digicert.com, O=DigiCert Inc, C=US
11038 DEBUG [2017-01-20 00:09:09]  Connection established 192.168.0.101:59994<->192.30.253.116:443
11038 DEBUG [2017-01-20 00:09:09]  Executing request GET /? HTTP/1.1
11039 DEBUG [2017-01-20 00:09:09]  Target auth state: UNCHALLENGED
11041 DEBUG [2017-01-20 00:09:09]  Proxy auth state: UNCHALLENGED
11045 DEBUG [2017-01-20 00:09:09]  http-outgoing-0 >> GET /? HTTP/1.1
11046 DEBUG [2017-01-20 00:09:09]  http-outgoing-0 >> Host: api.github.com
11046 DEBUG [2017-01-20 00:09:09]  http-outgoing-0 >> Connection: Keep-Alive
11046 DEBUG [2017-01-20 00:09:09]  http-outgoing-0 >> User-Agent: Apache-HttpClient/4.5.2 (Java/1.8.0_91)
11047 DEBUG [2017-01-20 00:09:09]  http-outgoing-0 >> Accept-Encoding: gzip,deflate
11047 DEBUG [2017-01-20 00:09:09]  http-outgoing-0 >> "GET /? HTTP/1.1[\r][\n]"
11048 DEBUG [2017-01-20 00:09:09]  http-outgoing-0 >> "Host: api.github.com[\r][\n]"
11049 DEBUG [2017-01-20 00:09:09]  http-outgoing-0 >> "Connection: Keep-Alive[\r][\n]"
11049 DEBUG [2017-01-20 00:09:09]  http-outgoing-0 >> "User-Agent: Apache-HttpClient/4.5.2 (Java/1.8.0_91)[\r][\n]"
11050 DEBUG [2017-01-20 00:09:09]  http-outgoing-0 >> "Accept-Encoding: gzip,deflate[\r][\n]"
11050 DEBUG [2017-01-20 00:09:09]  http-outgoing-0 >> "[\r][\n]"
11323 DEBUG [2017-01-20 00:09:10]  http-outgoing-0 << "HTTP/1.1 200 OK[\r][\n]"
11324 DEBUG [2017-01-20 00:09:10]  http-outgoing-0 << "Server: GitHub.com[\r][\n]"
11325 DEBUG [2017-01-20 00:09:10]  http-outgoing-0 << "Date: Thu, 19 Jan 2017 16:09:09 GMT[\r][\n]"
11326 DEBUG [2017-01-20 00:09:10]  http-outgoing-0 << "Content-Type: application/json; charset=utf-8[\r][\n]"
11326 DEBUG [2017-01-20 00:09:10]  http-outgoing-0 << "Transfer-Encoding: chunked[\r][\n]"
11328 DEBUG [2017-01-20 00:09:10]  http-outgoing-0 << "Status: 200 OK[\r][\n]"
11328 DEBUG [2017-01-20 00:09:10]  http-outgoing-0 << "X-RateLimit-Limit: 60[\r][\n]"
11329 DEBUG [2017-01-20 00:09:10]  http-outgoing-0 << "X-RateLimit-Remaining: 57[\r][\n]"
11330 DEBUG [2017-01-20 00:09:10]  http-outgoing-0 << "X-RateLimit-Reset: 1484845308[\r][\n]"
11330 DEBUG [2017-01-20 00:09:10]  http-outgoing-0 << "Cache-Control: public, max-age=60, s-maxage=60[\r][\n]"
11331 DEBUG [2017-01-20 00:09:10]  http-outgoing-0 << "Vary: Accept[\r][\n]"
11331 DEBUG [2017-01-20 00:09:10]  http-outgoing-0 << "ETag: W/"71c20e818259a283a4a0ff002435bd03"[\r][\n]"
11332 DEBUG [2017-01-20 00:09:10]  http-outgoing-0 << "X-GitHub-Media-Type: github.v3; format=json[\r][\n]"
11333 DEBUG [2017-01-20 00:09:10]  http-outgoing-0 << "Access-Control-Expose-Headers: ETag, Link, X-GitHub-OTP, X-RateLimit-Limit, X-RateLimit-Remaining, X-RateLimit-Reset, X-OAuth-Scopes, X-Accepted-OAuth-Scopes, X-Poll-Interval[\r][\n]"
11334 DEBUG [2017-01-20 00:09:10]  http-outgoing-0 << "Access-Control-Allow-Origin: *[\r][\n]"
11335 DEBUG [2017-01-20 00:09:10]  http-outgoing-0 << "Content-Security-Policy: default-src 'none'[\r][\n]"
11336 DEBUG [2017-01-20 00:09:10]  http-outgoing-0 << "Strict-Transport-Security: max-age=31536000; includeSubdomains; preload[\r][\n]"
11337 DEBUG [2017-01-20 00:09:10]  http-outgoing-0 << "X-Content-Type-Options: nosniff[\r][\n]"
11338 DEBUG [2017-01-20 00:09:10]  http-outgoing-0 << "X-Frame-Options: deny[\r][\n]"
11339 DEBUG [2017-01-20 00:09:10]  http-outgoing-0 << "X-XSS-Protection: 1; mode=block[\r][\n]"
11339 DEBUG [2017-01-20 00:09:10]  http-outgoing-0 << "Vary: Accept-Encoding[\r][\n]"
11340 DEBUG [2017-01-20 00:09:10]  http-outgoing-0 << "X-Served-By: 173530fed4bbeb1e264b2ed22e8b5c20[\r][\n]"
11341 DEBUG [2017-01-20 00:09:10]  http-outgoing-0 << "Content-Encoding: gzip[\r][\n]"
11341 DEBUG [2017-01-20 00:09:10]  http-outgoing-0 << "X-GitHub-Request-Id: EA5A:7EEC:1572C30:1AC3E3D:5880E49C[\r][\n]"
11342 DEBUG [2017-01-20 00:09:10]  http-outgoing-0 << "[\r][\n]"
11342 DEBUG [2017-01-20 00:09:10]  http-outgoing-0 << "1d9[\r][\n]"
11343 DEBUG [2017-01-20 00:09:10]  http-outgoing-0 << "[0x1f][0x8b][0x8][0x0][0x0][0x0][0x0][0x0][0x0][0x3][0x95][0x95]Mn[0xc2]0[0x10][0x85][0xef][0xc2][0xa2]+[0x84][0xf7]H[0x15]G[0x89]L2$n[0x93]8[0xd8][0x93]"jq[0xf7][0xce][0xd8][0x9]$T[0xb2][0x9d][\r][0xb0][0xf8][0xde][0xcc][0x9b]?[0xe3]v[0xe5]h[0xc][0xf4]X[0x8c][0x16]L1[0x9a]vw[0xdc]5[0x88][0x83]=[\n]"
11346 DEBUG [2017-01-20 00:09:10]  http-outgoing-0 << "![0x7]u[0xa8][0x15]6[0xe3][0xf9]P[0xea]N0[0xb1][0xdb][0xaf][0x5]r[0xc4]F[0x1b][0xf5]+Q[0xe9][0xde][0x16][\r]v[0xed][[0x90]E[0x0][0xb][0x88][0xaa][0xaf][0xad](u[0xdf]C[0xe9]%[0x94]dhU[0x19][0xf4]N[0x94][0xad]b3[0xaa]zP[0xa6][0xb7][0xe0]Qsk[0x96]m[0xea][\n]"
11348 DEBUG [2017-01-20 00:09:10]  http-outgoing-0 << "[\n]"
11349 DEBUG [2017-01-20 00:09:10]  http-outgoing-0 << "[0xb][0xd2][0x94]M[0xbc][0xac][0xc0][0x90][0xa7][\n]"
11350 DEBUG [2017-01-20 00:09:10]  http-outgoing-0 << "N[0xd7]Ow[0x1d][0xc1][0xdc][0x1f][0xee]c[0x90]5[0xec][0x7][0xea][0x89][0xff]a[0xb5][0xc1][0xbd]6[0x15][0x18]6F[0xdd][0xe8][0x14]n[0x8b][0xce][\n]"
11351 DEBUG [2017-01-20 00:09:10]  http-outgoing-0 << "[0x9b][0x9b][0x0]:[0xa9]Z[0x1b][0xf7][0xcd][0xe3][0x10][0x1]$K[0xd0][0xe9]/[0x95]P[0x4][0x86][0xe1][0x1f]jr[\n]"
11353 DEBUG [2017-01-20 00:09:10]  http-outgoing-0 << "[0xf6][0xc][0xc1][0x17][0x80]*[0xc1]z[0x84]Q[0xdd][0xb6][0xfa][0x6]&[0x81]{[0xe7]O[0xf6][0xa9][0xa3][0xd5][0xc8][0xa8]8[0xe8][0x88]u[0x2][0xa5][0xa9][0x1]y [0xb5][0xb2][0xa9]z<[0xe2][0x4]M[0xeb]E{[0x1d][0xcf]G[0x0][0xc5]V[0xd6][0x8e][0x9b]6[0xc9][0xb][0xb2]G[0x1d][0xe8][0xb8][0x91][0xc0][0x90][0x97]o[0xb8][0xe7][0xf4][0x96]1[0xa2]{[0x8d][0xea]2[0xdf]V<[0xc3][\n]"
11354 DEBUG [2017-01-20 00:09:10]  http-outgoing-0 << "%[0xa9]6[0xb5][0xec][0xa7][0xb3].[0xc][0xc][0xda]*[0xa4];[0x87]Dv[0x92]Y[0xe1][0xe8][0xf3]![0xbc][0xc8][0x9d][0xf0]>[0xd0][0x19][0xfd][0xbb]%[0x1e][0xda]*G[0xf4][0xb8]_aI6[0x8c]gz0[0x8a][0xdc][0x91][0x8b][0xc0][0x93][0xd0]H[0x84][0xa2]U|[0xb9][0xd1]l/[0x8e]Es[0xed][0xf7][0x84][0x88]9*[0xfd][0xd6][0xd3][0x13]![0x1c][0xcb][0xb8][0xc6][0x85]|[0xc3][[0xb4]lx[0xee][0x93][0xb1]z[0xc7][0xf3]'[0xe6]o1=+K[0xb7]f[0xa0]"
11365 DEBUG [2017-01-20 00:09:10]  http-outgoing-0 << HTTP/1.1 200 OK
11366 DEBUG [2017-01-20 00:09:10]  http-outgoing-0 << Server: GitHub.com
11366 DEBUG [2017-01-20 00:09:10]  http-outgoing-0 << Date: Thu, 19 Jan 2017 16:09:09 GMT
11367 DEBUG [2017-01-20 00:09:10]  http-outgoing-0 << Content-Type: application/json; charset=utf-8
11367 DEBUG [2017-01-20 00:09:10]  http-outgoing-0 << Transfer-Encoding: chunked
11368 DEBUG [2017-01-20 00:09:10]  http-outgoing-0 << Status: 200 OK
11368 DEBUG [2017-01-20 00:09:10]  http-outgoing-0 << X-RateLimit-Limit: 60
11368 DEBUG [2017-01-20 00:09:10]  http-outgoing-0 << X-RateLimit-Remaining: 57
11369 DEBUG [2017-01-20 00:09:10]  http-outgoing-0 << X-RateLimit-Reset: 1484845308
11369 DEBUG [2017-01-20 00:09:10]  http-outgoing-0 << Cache-Control: public, max-age=60, s-maxage=60
11370 DEBUG [2017-01-20 00:09:10]  http-outgoing-0 << Vary: Accept
11370 DEBUG [2017-01-20 00:09:10]  http-outgoing-0 << ETag: W/"71c20e818259a283a4a0ff002435bd03"
11371 DEBUG [2017-01-20 00:09:10]  http-outgoing-0 << X-GitHub-Media-Type: github.v3; format=json
11371 DEBUG [2017-01-20 00:09:10]  http-outgoing-0 << Access-Control-Expose-Headers: ETag, Link, X-GitHub-OTP, X-RateLimit-Limit, X-RateLimit-Remaining, X-RateLimit-Reset, X-OAuth-Scopes, X-Accepted-OAuth-Scopes, X-Poll-Interval
11371 DEBUG [2017-01-20 00:09:10]  http-outgoing-0 << Access-Control-Allow-Origin: *
11372 DEBUG [2017-01-20 00:09:10]  http-outgoing-0 << Content-Security-Policy: default-src 'none'
11372 DEBUG [2017-01-20 00:09:10]  http-outgoing-0 << Strict-Transport-Security: max-age=31536000; includeSubdomains; preload
11373 DEBUG [2017-01-20 00:09:10]  http-outgoing-0 << X-Content-Type-Options: nosniff
11373 DEBUG [2017-01-20 00:09:10]  http-outgoing-0 << X-Frame-Options: deny
11374 DEBUG [2017-01-20 00:09:10]  http-outgoing-0 << X-XSS-Protection: 1; mode=block
11374 DEBUG [2017-01-20 00:09:10]  http-outgoing-0 << Vary: Accept-Encoding
11375 DEBUG [2017-01-20 00:09:10]  http-outgoing-0 << X-Served-By: 173530fed4bbeb1e264b2ed22e8b5c20
11376 DEBUG [2017-01-20 00:09:10]  http-outgoing-0 << Content-Encoding: gzip
11376 DEBUG [2017-01-20 00:09:10]  http-outgoing-0 << X-GitHub-Request-Id: EA5A:7EEC:1572C30:1AC3E3D:5880E49C
11398 DEBUG [2017-01-20 00:09:10]  Connection can be kept alive indefinitely
55676 DEBUG [2017-01-20 00:09:54]  http-outgoing-0 << "[0x8a][0xf7][0xc0][0xc7][0x9a]H'B+[0x9c][0xf][0xce][0xad][0x98]Cd[0xf]n[0x12][0x90][0x14]Av[0xf1][0xd4]L[0xf0][0xca][0xe7][0xfd][0x8b][0xd1][0xa0][0x18]dW^[0xb0][0xdc][0xc4][0xc4][0x86][0xfb][0x1a]y[0x1f]g[0xed][0xb6]V[0xcf][0x99]3Z[0xee][0x9d]mX[0x1a][0xe6]3_[0x9d][0xc7][0x1f]O[0xd6]8[0x6][0xf7][0x7][0x0][0x0][\r][\n]"
55676 DEBUG [2017-01-20 00:09:54]  http-outgoing-0 << "0[\r][\n]"
55676 DEBUG [2017-01-20 00:09:54]  http-outgoing-0 << "[\r][\n]"
0    DEBUG [2017-01-20 00:10:37]  CookieSpec selected: default
12   DEBUG [2017-01-20 00:10:37]  Auth cache not set in the context
13   DEBUG [2017-01-20 00:10:37]  Connection request: [route: {s}->https://api.github.com:443][total kept alive: 0; route allocated: 0 of 2; total allocated: 0 of 20]
53   DEBUG [2017-01-20 00:10:37]  Connection leased: [id: 0][route: {s}->https://api.github.com:443][total kept alive: 0; route allocated: 1 of 2; total allocated: 1 of 20]
61   DEBUG [2017-01-20 00:10:37]  Opening connection {s}->https://api.github.com:443
95   DEBUG [2017-01-20 00:10:37]  Connecting to api.github.com/192.30.253.116:443
96   DEBUG [2017-01-20 00:10:37]  Connecting socket to api.github.com/192.30.253.116:443 with timeout 0
576  DEBUG [2017-01-20 00:10:37]  Enabled protocols: [TLSv1, TLSv1.1, TLSv1.2]
577  DEBUG [2017-01-20 00:10:37]  Enabled cipher suites:[TLS_ECDHE_ECDSA_WITH_AES_128_CBC_SHA256, TLS_ECDHE_RSA_WITH_AES_128_CBC_SHA256, TLS_RSA_WITH_AES_128_CBC_SHA256, TLS_ECDH_ECDSA_WITH_AES_128_CBC_SHA256, TLS_ECDH_RSA_WITH_AES_128_CBC_SHA256, TLS_DHE_RSA_WITH_AES_128_CBC_SHA256, TLS_DHE_DSS_WITH_AES_128_CBC_SHA256, TLS_ECDHE_ECDSA_WITH_AES_128_CBC_SHA, TLS_ECDHE_RSA_WITH_AES_128_CBC_SHA, TLS_RSA_WITH_AES_128_CBC_SHA, TLS_ECDH_ECDSA_WITH_AES_128_CBC_SHA, TLS_ECDH_RSA_WITH_AES_128_CBC_SHA, TLS_DHE_RSA_WITH_AES_128_CBC_SHA, TLS_DHE_DSS_WITH_AES_128_CBC_SHA, TLS_ECDHE_ECDSA_WITH_AES_128_GCM_SHA256, TLS_ECDHE_RSA_WITH_AES_128_GCM_SHA256, TLS_RSA_WITH_AES_128_GCM_SHA256, TLS_ECDH_ECDSA_WITH_AES_128_GCM_SHA256, TLS_ECDH_RSA_WITH_AES_128_GCM_SHA256, TLS_DHE_RSA_WITH_AES_128_GCM_SHA256, TLS_DHE_DSS_WITH_AES_128_GCM_SHA256, TLS_ECDHE_ECDSA_WITH_3DES_EDE_CBC_SHA, TLS_ECDHE_RSA_WITH_3DES_EDE_CBC_SHA, SSL_RSA_WITH_3DES_EDE_CBC_SHA, TLS_ECDH_ECDSA_WITH_3DES_EDE_CBC_SHA, TLS_ECDH_RSA_WITH_3DES_EDE_CBC_SHA, SSL_DHE_RSA_WITH_3DES_EDE_CBC_SHA, SSL_DHE_DSS_WITH_3DES_EDE_CBC_SHA, TLS_EMPTY_RENEGOTIATION_INFO_SCSV]
577  DEBUG [2017-01-20 00:10:37]  Starting handshake
1255 DEBUG [2017-01-20 00:10:38]  Secure session established
1255 DEBUG [2017-01-20 00:10:38]   negotiated protocol: TLSv1.2
1255 DEBUG [2017-01-20 00:10:38]   negotiated cipher suite: TLS_ECDHE_RSA_WITH_AES_128_GCM_SHA256
1256 DEBUG [2017-01-20 00:10:38]   peer principal: CN=*.github.com, O="GitHub, Inc.", L=San Francisco, ST=California, C=US
1256 DEBUG [2017-01-20 00:10:38]   peer alternative names: [*.github.com, github.com]
1256 DEBUG [2017-01-20 00:10:38]   issuer principal: CN=DigiCert SHA2 High Assurance Server CA, OU=www.digicert.com, O=DigiCert Inc, C=US
1261 DEBUG [2017-01-20 00:10:38]  Connection established 192.168.0.101:60037<->192.30.253.116:443
1261 DEBUG [2017-01-20 00:10:38]  Executing request GET /? HTTP/1.1
1261 DEBUG [2017-01-20 00:10:38]  Target auth state: UNCHALLENGED
1262 DEBUG [2017-01-20 00:10:38]  Proxy auth state: UNCHALLENGED
1264 DEBUG [2017-01-20 00:10:38]  http-outgoing-0 >> GET /? HTTP/1.1
1264 DEBUG [2017-01-20 00:10:38]  http-outgoing-0 >> Host: api.github.com
1264 DEBUG [2017-01-20 00:10:38]  http-outgoing-0 >> Connection: Keep-Alive
1264 DEBUG [2017-01-20 00:10:38]  http-outgoing-0 >> User-Agent: Apache-HttpClient/4.5.2 (Java/1.8.0_91)
1264 DEBUG [2017-01-20 00:10:38]  http-outgoing-0 >> Accept-Encoding: gzip,deflate
1264 DEBUG [2017-01-20 00:10:38]  http-outgoing-0 >> "GET /? HTTP/1.1[\r][\n]"
1265 DEBUG [2017-01-20 00:10:38]  http-outgoing-0 >> "Host: api.github.com[\r][\n]"
1265 DEBUG [2017-01-20 00:10:38]  http-outgoing-0 >> "Connection: Keep-Alive[\r][\n]"
1265 DEBUG [2017-01-20 00:10:38]  http-outgoing-0 >> "User-Agent: Apache-HttpClient/4.5.2 (Java/1.8.0_91)[\r][\n]"
1265 DEBUG [2017-01-20 00:10:38]  http-outgoing-0 >> "Accept-Encoding: gzip,deflate[\r][\n]"
1265 DEBUG [2017-01-20 00:10:38]  http-outgoing-0 >> "[\r][\n]"
1538 DEBUG [2017-01-20 00:10:38]  http-outgoing-0 << "HTTP/1.1 200 OK[\r][\n]"
1539 DEBUG [2017-01-20 00:10:38]  http-outgoing-0 << "Server: GitHub.com[\r][\n]"
1539 DEBUG [2017-01-20 00:10:38]  http-outgoing-0 << "Date: Thu, 19 Jan 2017 16:10:38 GMT[\r][\n]"
1539 DEBUG [2017-01-20 00:10:38]  http-outgoing-0 << "Content-Type: application/json; charset=utf-8[\r][\n]"
1539 DEBUG [2017-01-20 00:10:38]  http-outgoing-0 << "Transfer-Encoding: chunked[\r][\n]"
1539 DEBUG [2017-01-20 00:10:38]  http-outgoing-0 << "Status: 200 OK[\r][\n]"
1539 DEBUG [2017-01-20 00:10:38]  http-outgoing-0 << "X-RateLimit-Limit: 60[\r][\n]"
1539 DEBUG [2017-01-20 00:10:38]  http-outgoing-0 << "X-RateLimit-Remaining: 56[\r][\n]"
1540 DEBUG [2017-01-20 00:10:38]  http-outgoing-0 << "X-RateLimit-Reset: 1484845308[\r][\n]"
1540 DEBUG [2017-01-20 00:10:38]  http-outgoing-0 << "Cache-Control: public, max-age=60, s-maxage=60[\r][\n]"
1540 DEBUG [2017-01-20 00:10:38]  http-outgoing-0 << "Vary: Accept[\r][\n]"
1540 DEBUG [2017-01-20 00:10:38]  http-outgoing-0 << "ETag: W/"71c20e818259a283a4a0ff002435bd03"[\r][\n]"
1540 DEBUG [2017-01-20 00:10:38]  http-outgoing-0 << "X-GitHub-Media-Type: github.v3; format=json[\r][\n]"
1540 DEBUG [2017-01-20 00:10:38]  http-outgoing-0 << "Access-Control-Expose-Headers: ETag, Link, X-GitHub-OTP, X-RateLimit-Limit, X-RateLimit-Remaining, X-RateLimit-Reset, X-OAuth-Scopes, X-Accepted-OAuth-Scopes, X-Poll-Interval[\r][\n]"
1540 DEBUG [2017-01-20 00:10:38]  http-outgoing-0 << "Access-Control-Allow-Origin: *[\r][\n]"
1541 DEBUG [2017-01-20 00:10:38]  http-outgoing-0 << "Content-Security-Policy: default-src 'none'[\r][\n]"
1541 DEBUG [2017-01-20 00:10:38]  http-outgoing-0 << "Strict-Transport-Security: max-age=31536000; includeSubdomains; preload[\r][\n]"
1541 DEBUG [2017-01-20 00:10:38]  http-outgoing-0 << "X-Content-Type-Options: nosniff[\r][\n]"
1541 DEBUG [2017-01-20 00:10:38]  http-outgoing-0 << "X-Frame-Options: deny[\r][\n]"
1542 DEBUG [2017-01-20 00:10:38]  http-outgoing-0 << "X-XSS-Protection: 1; mode=block[\r][\n]"
1542 DEBUG [2017-01-20 00:10:38]  http-outgoing-0 << "Vary: Accept-Encoding[\r][\n]"
1542 DEBUG [2017-01-20 00:10:38]  http-outgoing-0 << "X-Served-By: 1e9204dbc0447a6f39c3b3c44d87b3f8[\r][\n]"
1542 DEBUG [2017-01-20 00:10:38]  http-outgoing-0 << "Content-Encoding: gzip[\r][\n]"
1543 DEBUG [2017-01-20 00:10:38]  http-outgoing-0 << "X-GitHub-Request-Id: EA85:7EEB:7D95AF:9B1F05:5880E4FD[\r][\n]"
1543 DEBUG [2017-01-20 00:10:38]  http-outgoing-0 << "[\r][\n]"
1543 DEBUG [2017-01-20 00:10:38]  http-outgoing-0 << "1d9[\r][\n]"
1544 DEBUG [2017-01-20 00:10:38]  http-outgoing-0 << "[0x1f][0x8b][0x8][0x0][0x0][0x0][0x0][0x0][0x0][0x3][0x95][0x95]Mn[0xc2]0[0x10][0x85][0xef][0xc2][0xa2]+[0x84][0xf7]H[0x15]G[0x89]L2$n[0x93]8[0xd8][0x93]"jq[0xf7][0xce][0xd8][0x9]$T[0xb2][0x9d][\r][0xb0][0xf8][0xde][0xcc][0x9b]?[0xe3]v[0xe5]h[0xc][0xf4]X[0x8c][0x16]L1[0x9a]vw[0xdc]5[0x88][0x83]=[\n]"
1544 DEBUG [2017-01-20 00:10:38]  http-outgoing-0 << "![0x7]u[0xa8][0x15]6[0xe3][0xf9]P[0xea]N0[0xb1][0xdb][0xaf][0x5]r[0xc4]F[0x1b][0xf5]+Q[0xe9][0xde][0x16][\r]v[0xed][[0x90]E[0x0][0xb][0x88][0xaa][0xaf][0xad](u[0xdf]C[0xe9]%[0x94]dhU[0x19][0xf4]N[0x94][0xad]b3[0xaa]zP[0xa6][0xb7][0xe0]Qsk[0x96]m[0xea][\n]"
1544 DEBUG [2017-01-20 00:10:38]  http-outgoing-0 << "[\n]"
1544 DEBUG [2017-01-20 00:10:38]  http-outgoing-0 << "[0xb][0xd2][0x94]M[0xbc][0xac][0xc0][0x90][0xa7][\n]"
1545 DEBUG [2017-01-20 00:10:38]  http-outgoing-0 << "N[0xd7]Ow[0x1d][0xc1][0xdc][0x1f][0xee]c[0x90]5[0xec][0x7][0xea][0x89][0xff]a[0xb5][0xc1][0xbd]6[0x15][0x18]6F[0xdd][0xe8][0x14]n[0x8b][0xce][\n]"
1545 DEBUG [2017-01-20 00:10:38]  http-outgoing-0 << "[0x9b][0x9b][0x0]:[0xa9]Z[0x1b][0xf7][0xcd][0xe3][0x10][0x1]$K[0xd0][0xe9]/[0x95]P[0x4][0x86][0xe1][0x1f]jr[\n]"
1545 DEBUG [2017-01-20 00:10:38]  http-outgoing-0 << "[0xf6][0xc][0xc1][0x17][0x80]*[0xc1]z[0x84]Q[0xdd][0xb6][0xfa][0x6]&[0x81]{[0xe7]O[0xf6][0xa9][0xa3][0xd5][0xc8][0xa8]8[0xe8][0x88]u[0x2][0xa5][0xa9][0x1]y [0xb5][0xb2][0xa9]z<[0xe2][0x4]M[0xeb]E{[0x1d][0xcf]G[0x0][0xc5]V[0xd6][0x8e][0x9b]6[0xc9][0xb][0xb2]G[0x1d][0xe8][0xb8][0x91][0xc0][0x90][0x97]o[0xb8][0xe7][0xf4][0x96]1[0xa2]{[0x8d][0xea]2[0xdf]V<[0xc3][\n]"
1545 DEBUG [2017-01-20 00:10:38]  http-outgoing-0 << "%[0xa9]6[0xb5][0xec][0xa7][0xb3].[0xc][0xc][0xda]*[0xa4];[0x87]Dv[0x92]Y[0xe1][0xe8][0xf3]![0xbc][0xc8][0x9d][0xf0]>[0xd0][0x19][0xfd][0xbb]%[0x1e][0xda]*G[0xf4][0xb8]_aI6[0x8c]gz0[0x8a][0xdc][0x91][0x8b][0xc0][0x93][0xd0]H[0x84][0xa2]U|[0xb9][0xd1]l/[0x8e]Es[0xed][0xf7][0x84][0x88]9*[0xfd][0xd6][0xd3][0x13]![0x1c][0xcb][0xb8][0xc6][0x85]|[0xc3][[0xb4]lx[0xee][0x93][0xb1]z[0xc7][0xf3]'[0xe6]o1=+K[0xb7]f[0xa0][0x8a][0xf7]"
1555 DEBUG [2017-01-20 00:10:38]  http-outgoing-0 << HTTP/1.1 200 OK
1555 DEBUG [2017-01-20 00:10:38]  http-outgoing-0 << Server: GitHub.com
1555 DEBUG [2017-01-20 00:10:38]  http-outgoing-0 << Date: Thu, 19 Jan 2017 16:10:38 GMT
1555 DEBUG [2017-01-20 00:10:38]  http-outgoing-0 << Content-Type: application/json; charset=utf-8
1556 DEBUG [2017-01-20 00:10:38]  http-outgoing-0 << Transfer-Encoding: chunked
1556 DEBUG [2017-01-20 00:10:38]  http-outgoing-0 << Status: 200 OK
1556 DEBUG [2017-01-20 00:10:38]  http-outgoing-0 << X-RateLimit-Limit: 60
1556 DEBUG [2017-01-20 00:10:38]  http-outgoing-0 << X-RateLimit-Remaining: 56
1556 DEBUG [2017-01-20 00:10:38]  http-outgoing-0 << X-RateLimit-Reset: 1484845308
1556 DEBUG [2017-01-20 00:10:38]  http-outgoing-0 << Cache-Control: public, max-age=60, s-maxage=60
1556 DEBUG [2017-01-20 00:10:38]  http-outgoing-0 << Vary: Accept
1556 DEBUG [2017-01-20 00:10:38]  http-outgoing-0 << ETag: W/"71c20e818259a283a4a0ff002435bd03"
1556 DEBUG [2017-01-20 00:10:38]  http-outgoing-0 << X-GitHub-Media-Type: github.v3; format=json
1556 DEBUG [2017-01-20 00:10:38]  http-outgoing-0 << Access-Control-Expose-Headers: ETag, Link, X-GitHub-OTP, X-RateLimit-Limit, X-RateLimit-Remaining, X-RateLimit-Reset, X-OAuth-Scopes, X-Accepted-OAuth-Scopes, X-Poll-Interval
1556 DEBUG [2017-01-20 00:10:38]  http-outgoing-0 << Access-Control-Allow-Origin: *
1556 DEBUG [2017-01-20 00:10:38]  http-outgoing-0 << Content-Security-Policy: default-src 'none'
1556 DEBUG [2017-01-20 00:10:38]  http-outgoing-0 << Strict-Transport-Security: max-age=31536000; includeSubdomains; preload
1557 DEBUG [2017-01-20 00:10:38]  http-outgoing-0 << X-Content-Type-Options: nosniff
1557 DEBUG [2017-01-20 00:10:38]  http-outgoing-0 << X-Frame-Options: deny
1557 DEBUG [2017-01-20 00:10:38]  http-outgoing-0 << X-XSS-Protection: 1; mode=block
1557 DEBUG [2017-01-20 00:10:38]  http-outgoing-0 << Vary: Accept-Encoding
1557 DEBUG [2017-01-20 00:10:38]  http-outgoing-0 << X-Served-By: 1e9204dbc0447a6f39c3b3c44d87b3f8
1557 DEBUG [2017-01-20 00:10:38]  http-outgoing-0 << Content-Encoding: gzip
1557 DEBUG [2017-01-20 00:10:38]  http-outgoing-0 << X-GitHub-Request-Id: EA85:7EEB:7D95AF:9B1F05:5880E4FD
1566 DEBUG [2017-01-20 00:10:38]  Connection can be kept alive indefinitely
1576 DEBUG [2017-01-20 00:10:38]  http-outgoing-0 << "[0xc0][0xc7][0x9a]H'B+[0x9c][0xf][0xce][0xad][0x98]Cd[0xf]n[0x12][0x90][0x14]Av[0xf1][0xd4]L[0xf0][0xca][0xe7][0xfd][0x8b][0xd1][0xa0][0x18]dW^[0xb0][0xdc][0xc4][0xc4][0x86][0xfb][0x1a]y[0x1f]g[0xed][0xb6]V[0xcf][0x99]3Z[0xee][0x9d]mX[0x1a][0xe6]3_[0x9d][0xc7][0x1f]O[0xd6]8[0x6][0xf7][0x7][0x0][0x0][\r][\n]"
1576 DEBUG [2017-01-20 00:10:38]  http-outgoing-0 << "0[\r][\n]"
1576 DEBUG [2017-01-20 00:10:38]  http-outgoing-0 << "[\r][\n]"
0    DEBUG [2017-01-20 00:12:55]  CookieSpec selected: default
12   DEBUG [2017-01-20 00:12:55]  Auth cache not set in the context
14   DEBUG [2017-01-20 00:12:55]  Connection request: [route: {s}->https://api.github.com:443][total kept alive: 0; route allocated: 0 of 2; total allocated: 0 of 20]
34   DEBUG [2017-01-20 00:12:55]  Connection leased: [id: 0][route: {s}->https://api.github.com:443][total kept alive: 0; route allocated: 1 of 2; total allocated: 1 of 20]
36   DEBUG [2017-01-20 00:12:55]  Opening connection {s}->https://api.github.com:443
51   DEBUG [2017-01-20 00:12:55]  Connecting to api.github.com/192.30.253.116:443
51   DEBUG [2017-01-20 00:12:55]  Connecting socket to api.github.com/192.30.253.116:443 with timeout 0
511  DEBUG [2017-01-20 00:12:56]  Enabled protocols: [TLSv1, TLSv1.1, TLSv1.2]
511  DEBUG [2017-01-20 00:12:56]  Enabled cipher suites:[TLS_ECDHE_ECDSA_WITH_AES_128_CBC_SHA256, TLS_ECDHE_RSA_WITH_AES_128_CBC_SHA256, TLS_RSA_WITH_AES_128_CBC_SHA256, TLS_ECDH_ECDSA_WITH_AES_128_CBC_SHA256, TLS_ECDH_RSA_WITH_AES_128_CBC_SHA256, TLS_DHE_RSA_WITH_AES_128_CBC_SHA256, TLS_DHE_DSS_WITH_AES_128_CBC_SHA256, TLS_ECDHE_ECDSA_WITH_AES_128_CBC_SHA, TLS_ECDHE_RSA_WITH_AES_128_CBC_SHA, TLS_RSA_WITH_AES_128_CBC_SHA, TLS_ECDH_ECDSA_WITH_AES_128_CBC_SHA, TLS_ECDH_RSA_WITH_AES_128_CBC_SHA, TLS_DHE_RSA_WITH_AES_128_CBC_SHA, TLS_DHE_DSS_WITH_AES_128_CBC_SHA, TLS_ECDHE_ECDSA_WITH_AES_128_GCM_SHA256, TLS_ECDHE_RSA_WITH_AES_128_GCM_SHA256, TLS_RSA_WITH_AES_128_GCM_SHA256, TLS_ECDH_ECDSA_WITH_AES_128_GCM_SHA256, TLS_ECDH_RSA_WITH_AES_128_GCM_SHA256, TLS_DHE_RSA_WITH_AES_128_GCM_SHA256, TLS_DHE_DSS_WITH_AES_128_GCM_SHA256, TLS_ECDHE_ECDSA_WITH_3DES_EDE_CBC_SHA, TLS_ECDHE_RSA_WITH_3DES_EDE_CBC_SHA, SSL_RSA_WITH_3DES_EDE_CBC_SHA, TLS_ECDH_ECDSA_WITH_3DES_EDE_CBC_SHA, TLS_ECDH_RSA_WITH_3DES_EDE_CBC_SHA, SSL_DHE_RSA_WITH_3DES_EDE_CBC_SHA, SSL_DHE_DSS_WITH_3DES_EDE_CBC_SHA, TLS_EMPTY_RENEGOTIATION_INFO_SCSV]
511  DEBUG [2017-01-20 00:12:56]  Starting handshake
1162 DEBUG [2017-01-20 00:12:56]  Secure session established
1162 DEBUG [2017-01-20 00:12:56]   negotiated protocol: TLSv1.2
1163 DEBUG [2017-01-20 00:12:56]   negotiated cipher suite: TLS_ECDHE_RSA_WITH_AES_128_GCM_SHA256
1163 DEBUG [2017-01-20 00:12:56]   peer principal: CN=*.github.com, O="GitHub, Inc.", L=San Francisco, ST=California, C=US
1163 DEBUG [2017-01-20 00:12:56]   peer alternative names: [*.github.com, github.com]
1163 DEBUG [2017-01-20 00:12:56]   issuer principal: CN=DigiCert SHA2 High Assurance Server CA, OU=www.digicert.com, O=DigiCert Inc, C=US
1168 DEBUG [2017-01-20 00:12:57]  Connection established 192.168.0.101:60073<->192.30.253.116:443
1168 DEBUG [2017-01-20 00:12:57]  Executing request GET /? HTTP/1.1
1168 DEBUG [2017-01-20 00:12:57]  Target auth state: UNCHALLENGED
1169 DEBUG [2017-01-20 00:12:57]  Proxy auth state: UNCHALLENGED
1170 DEBUG [2017-01-20 00:12:57]  http-outgoing-0 >> GET /? HTTP/1.1
1170 DEBUG [2017-01-20 00:12:57]  http-outgoing-0 >> Host: api.github.com
1171 DEBUG [2017-01-20 00:12:57]  http-outgoing-0 >> Connection: Keep-Alive
1171 DEBUG [2017-01-20 00:12:57]  http-outgoing-0 >> User-Agent: Apache-HttpClient/4.5.2 (Java/1.8.0_91)
1171 DEBUG [2017-01-20 00:12:57]  http-outgoing-0 >> Accept-Encoding: gzip,deflate
1171 DEBUG [2017-01-20 00:12:57]  http-outgoing-0 >> "GET /? HTTP/1.1[\r][\n]"
1171 DEBUG [2017-01-20 00:12:57]  http-outgoing-0 >> "Host: api.github.com[\r][\n]"
1171 DEBUG [2017-01-20 00:12:57]  http-outgoing-0 >> "Connection: Keep-Alive[\r][\n]"
1171 DEBUG [2017-01-20 00:12:57]  http-outgoing-0 >> "User-Agent: Apache-HttpClient/4.5.2 (Java/1.8.0_91)[\r][\n]"
1171 DEBUG [2017-01-20 00:12:57]  http-outgoing-0 >> "Accept-Encoding: gzip,deflate[\r][\n]"
1171 DEBUG [2017-01-20 00:12:57]  http-outgoing-0 >> "[\r][\n]"
1574 DEBUG [2017-01-20 00:12:57]  http-outgoing-0 << "HTTP/1.1 200 OK[\r][\n]"
1575 DEBUG [2017-01-20 00:12:57]  http-outgoing-0 << "Server: GitHub.com[\r][\n]"
1575 DEBUG [2017-01-20 00:12:57]  http-outgoing-0 << "Date: Thu, 19 Jan 2017 16:12:57 GMT[\r][\n]"
1575 DEBUG [2017-01-20 00:12:57]  http-outgoing-0 << "Content-Type: application/json; charset=utf-8[\r][\n]"
1575 DEBUG [2017-01-20 00:12:57]  http-outgoing-0 << "Transfer-Encoding: chunked[\r][\n]"
1575 DEBUG [2017-01-20 00:12:57]  http-outgoing-0 << "Status: 200 OK[\r][\n]"
1575 DEBUG [2017-01-20 00:12:57]  http-outgoing-0 << "X-RateLimit-Limit: 60[\r][\n]"
1575 DEBUG [2017-01-20 00:12:57]  http-outgoing-0 << "X-RateLimit-Remaining: 55[\r][\n]"
1576 DEBUG [2017-01-20 00:12:57]  http-outgoing-0 << "X-RateLimit-Reset: 1484845308[\r][\n]"
1576 DEBUG [2017-01-20 00:12:57]  http-outgoing-0 << "Cache-Control: public, max-age=60, s-maxage=60[\r][\n]"
1576 DEBUG [2017-01-20 00:12:57]  http-outgoing-0 << "Vary: Accept[\r][\n]"
1576 DEBUG [2017-01-20 00:12:57]  http-outgoing-0 << "ETag: W/"71c20e818259a283a4a0ff002435bd03"[\r][\n]"
1576 DEBUG [2017-01-20 00:12:57]  http-outgoing-0 << "X-GitHub-Media-Type: github.v3; format=json[\r][\n]"
1576 DEBUG [2017-01-20 00:12:57]  http-outgoing-0 << "Access-Control-Expose-Headers: ETag, Link, X-GitHub-OTP, X-RateLimit-Limit, X-RateLimit-Remaining, X-RateLimit-Reset, X-OAuth-Scopes, X-Accepted-OAuth-Scopes, X-Poll-Interval[\r][\n]"
1576 DEBUG [2017-01-20 00:12:57]  http-outgoing-0 << "Access-Control-Allow-Origin: *[\r][\n]"
1576 DEBUG [2017-01-20 00:12:57]  http-outgoing-0 << "Content-Security-Policy: default-src 'none'[\r][\n]"
1577 DEBUG [2017-01-20 00:12:57]  http-outgoing-0 << "Strict-Transport-Security: max-age=31536000; includeSubdomains; preload[\r][\n]"
1577 DEBUG [2017-01-20 00:12:57]  http-outgoing-0 << "X-Content-Type-Options: nosniff[\r][\n]"
1577 DEBUG [2017-01-20 00:12:57]  http-outgoing-0 << "X-Frame-Options: deny[\r][\n]"
1577 DEBUG [2017-01-20 00:12:57]  http-outgoing-0 << "X-XSS-Protection: 1; mode=block[\r][\n]"
1577 DEBUG [2017-01-20 00:12:57]  http-outgoing-0 << "Vary: Accept-Encoding[\r][\n]"
1577 DEBUG [2017-01-20 00:12:57]  http-outgoing-0 << "X-Served-By: edf23fdc48375d9066b698b8d98062e9[\r][\n]"
1577 DEBUG [2017-01-20 00:12:57]  http-outgoing-0 << "Content-Encoding: gzip[\r][\n]"
1577 DEBUG [2017-01-20 00:12:57]  http-outgoing-0 << "X-GitHub-Request-Id: EAA9:7EF2:E6B5D6:11ED1CC:5880E588[\r][\n]"
1577 DEBUG [2017-01-20 00:12:57]  http-outgoing-0 << "[\r][\n]"
1577 DEBUG [2017-01-20 00:12:57]  http-outgoing-0 << "1d9[\r][\n]"
1577 DEBUG [2017-01-20 00:12:57]  http-outgoing-0 << "[0x1f][0x8b][0x8][0x0][0x0][0x0][0x0][0x0][0x0][0x3][0x95][0x95]Mn[0xc2]0[0x10][0x85][0xef][0xc2][0xa2]+[0x84][0xf7]H[0x15]G[0x89]L2$n[0x93]8[0xd8][0x93]"jq[0xf7][0xce][0xd8][0x9]$T[0xb2][0x9d][\r][0xb0][0xf8][0xde][0xcc][0x9b]?[0xe3]v[0xe5]h[0xc][0xf4]X[0x8c][0x16]L1[0x9a]vw[0xdc]5[0x88][0x83]=[\n]"
1578 DEBUG [2017-01-20 00:12:57]  http-outgoing-0 << "![0x7]u[0xa8][0x15]6[0xe3][0xf9]P[0xea]N0[0xb1][0xdb][0xaf][0x5]r[0xc4]F[0x1b][0xf5]+Q[0xe9][0xde][0x16][\r]v[0xed][[0x90]E[0x0][0xb][0x88][0xaa][0xaf][0xad](u[0xdf]C[0xe9]%[0x94]dhU[0x19][0xf4]N[0x94][0xad]b3[0xaa]zP[0xa6][0xb7][0xe0]Qsk[0x96]m[0xea][\n]"
1578 DEBUG [2017-01-20 00:12:57]  http-outgoing-0 << "[\n]"
1578 DEBUG [2017-01-20 00:12:57]  http-outgoing-0 << "[0xb][0xd2][0x94]M[0xbc][0xac][0xc0][0x90][0xa7][\n]"
1578 DEBUG [2017-01-20 00:12:57]  http-outgoing-0 << "N[0xd7]Ow[0x1d][0xc1][0xdc][0x1f][0xee]c[0x90]5[0xec][0x7][0xea][0x89][0xff]a[0xb5][0xc1][0xbd]6[0x15][0x18]6F[0xdd][0xe8][0x14]n[0x8b][0xce][\n]"
1578 DEBUG [2017-01-20 00:12:57]  http-outgoing-0 << "[0x9b][0x9b][0x0]:[0xa9]Z[0x1b][0xf7][0xcd][0xe3][0x10][0x1]$K[0xd0][0xe9]/[0x95]P[0x4][0x86][0xe1][0x1f]jr[\n]"
1578 DEBUG [2017-01-20 00:12:57]  http-outgoing-0 << "[0xf6][0xc][0xc1][0x17][0x80]*[0xc1]z[0x84]Q[0xdd][0xb6][0xfa][0x6]&[0x81]{[0xe7]O[0xf6][0xa9][0xa3][0xd5][0xc8][0xa8]8[0xe8][0x88]u[0x2][0xa5][0xa9][0x1]y [0xb5][0xb2][0xa9]z<[0xe2][0x4]M[0xeb]E{[0x1d][0xcf]G[0x0][0xc5]V[0xd6][0x8e][0x9b]6[0xc9][0xb][0xb2]G[0x1d][0xe8][0xb8][0x91][0xc0][0x90][0x97]o[0xb8][0xe7][0xf4][0x96]1[0xa2]{[0x8d][0xea]2[0xdf]V<[0xc3][\n]"
1579 DEBUG [2017-01-20 00:12:57]  http-outgoing-0 << "%[0xa9]6[0xb5][0xec][0xa7][0xb3].[0xc][0xc][0xda]*[0xa4];[0x87]Dv[0x92]Y[0xe1][0xe8][0xf3]![0xbc][0xc8][0x9d][0xf0]>[0xd0][0x19][0xfd][0xbb]%[0x1e][0xda]*G[0xf4][0xb8]_aI6[0x8c]gz0[0x8a][0xdc][0x91][0x8b][0xc0][0x93][0xd0]H[0x84][0xa2]U|[0xb9][0xd1]l/[0x8e]Es[0xed][0xf7][0x84][0x88]9*[0xfd][0xd6][0xd3][0x13]![0x1c][0xcb][0xb8][0xc6][0x85]|[0xc3][[0xb4]lx[0xee][0x93][0xb1]z[0xc7][0xf3]'[0xe6]o1=+K[0xb7]f[0xa0][0x8a]"
1582 DEBUG [2017-01-20 00:12:57]  http-outgoing-0 << HTTP/1.1 200 OK
1582 DEBUG [2017-01-20 00:12:57]  http-outgoing-0 << Server: GitHub.com
1582 DEBUG [2017-01-20 00:12:57]  http-outgoing-0 << Date: Thu, 19 Jan 2017 16:12:57 GMT
1583 DEBUG [2017-01-20 00:12:57]  http-outgoing-0 << Content-Type: application/json; charset=utf-8
1583 DEBUG [2017-01-20 00:12:57]  http-outgoing-0 << Transfer-Encoding: chunked
1583 DEBUG [2017-01-20 00:12:57]  http-outgoing-0 << Status: 200 OK
1583 DEBUG [2017-01-20 00:12:57]  http-outgoing-0 << X-RateLimit-Limit: 60
1583 DEBUG [2017-01-20 00:12:57]  http-outgoing-0 << X-RateLimit-Remaining: 55
1583 DEBUG [2017-01-20 00:12:57]  http-outgoing-0 << X-RateLimit-Reset: 1484845308
1583 DEBUG [2017-01-20 00:12:57]  http-outgoing-0 << Cache-Control: public, max-age=60, s-maxage=60
1583 DEBUG [2017-01-20 00:12:57]  http-outgoing-0 << Vary: Accept
1583 DEBUG [2017-01-20 00:12:57]  http-outgoing-0 << ETag: W/"71c20e818259a283a4a0ff002435bd03"
1583 DEBUG [2017-01-20 00:12:57]  http-outgoing-0 << X-GitHub-Media-Type: github.v3; format=json
1583 DEBUG [2017-01-20 00:12:57]  http-outgoing-0 << Access-Control-Expose-Headers: ETag, Link, X-GitHub-OTP, X-RateLimit-Limit, X-RateLimit-Remaining, X-RateLimit-Reset, X-OAuth-Scopes, X-Accepted-OAuth-Scopes, X-Poll-Interval
1583 DEBUG [2017-01-20 00:12:57]  http-outgoing-0 << Access-Control-Allow-Origin: *
1583 DEBUG [2017-01-20 00:12:57]  http-outgoing-0 << Content-Security-Policy: default-src 'none'
1584 DEBUG [2017-01-20 00:12:57]  http-outgoing-0 << Strict-Transport-Security: max-age=31536000; includeSubdomains; preload
1584 DEBUG [2017-01-20 00:12:57]  http-outgoing-0 << X-Content-Type-Options: nosniff
1584 DEBUG [2017-01-20 00:12:57]  http-outgoing-0 << X-Frame-Options: deny
1584 DEBUG [2017-01-20 00:12:57]  http-outgoing-0 << X-XSS-Protection: 1; mode=block
1584 DEBUG [2017-01-20 00:12:57]  http-outgoing-0 << Vary: Accept-Encoding
1584 DEBUG [2017-01-20 00:12:57]  http-outgoing-0 << X-Served-By: edf23fdc48375d9066b698b8d98062e9
1584 DEBUG [2017-01-20 00:12:57]  http-outgoing-0 << Content-Encoding: gzip
1584 DEBUG [2017-01-20 00:12:57]  http-outgoing-0 << X-GitHub-Request-Id: EAA9:7EF2:E6B5D6:11ED1CC:5880E588
1591 DEBUG [2017-01-20 00:12:57]  Connection can be kept alive indefinitely
2607 DEBUG [2017-01-20 00:12:58]  http-outgoing-0 << "[0xf7][0xc0][0xc7][0x9a]H'B+[0x9c][0xf][0xce][0xad][0x98]Cd[0xf]n[0x12][0x90][0x14]Av[0xf1][0xd4]L[0xf0][0xca][0xe7][0xfd][0x8b][0xd1][0xa0][0x18]dW^[0xb0][0xdc][0xc4][0xc4][0x86][0xfb][0x1a]y[0x1f]g[0xed][0xb6]V[0xcf][0x99]3Z[0xee][0x9d]mX[0x1a][0xe6]3_[0x9d][0xc7][0x1f]O[0xd6]8[0x6][0xf7][0x7][0x0][0x0][\r][\n]"
2608 DEBUG [2017-01-20 00:12:58]  http-outgoing-0 << "0[\r][\n]"
2608 DEBUG [2017-01-20 00:12:58]  http-outgoing-0 << "[\r][\n]"
0    DEBUG [2017-01-20 00:16:17]  CookieSpec selected: default
14   DEBUG [2017-01-20 00:16:17]  Auth cache not set in the context
16   DEBUG [2017-01-20 00:16:17]  Connection request: [route: {s}->https://api.github.com:443][total kept alive: 0; route allocated: 0 of 2; total allocated: 0 of 20]
50   DEBUG [2017-01-20 00:16:17]  Connection leased: [id: 0][route: {s}->https://api.github.com:443][total kept alive: 0; route allocated: 1 of 2; total allocated: 1 of 20]
52   DEBUG [2017-01-20 00:16:17]  Opening connection {s}->https://api.github.com:443
74   DEBUG [2017-01-20 00:16:17]  Connecting to api.github.com/192.30.253.117:443
74   DEBUG [2017-01-20 00:16:17]  Connecting socket to api.github.com/192.30.253.117:443 with timeout 0
644  DEBUG [2017-01-20 00:16:18]  Enabled protocols: [TLSv1, TLSv1.1, TLSv1.2]
644  DEBUG [2017-01-20 00:16:18]  Enabled cipher suites:[TLS_ECDHE_ECDSA_WITH_AES_128_CBC_SHA256, TLS_ECDHE_RSA_WITH_AES_128_CBC_SHA256, TLS_RSA_WITH_AES_128_CBC_SHA256, TLS_ECDH_ECDSA_WITH_AES_128_CBC_SHA256, TLS_ECDH_RSA_WITH_AES_128_CBC_SHA256, TLS_DHE_RSA_WITH_AES_128_CBC_SHA256, TLS_DHE_DSS_WITH_AES_128_CBC_SHA256, TLS_ECDHE_ECDSA_WITH_AES_128_CBC_SHA, TLS_ECDHE_RSA_WITH_AES_128_CBC_SHA, TLS_RSA_WITH_AES_128_CBC_SHA, TLS_ECDH_ECDSA_WITH_AES_128_CBC_SHA, TLS_ECDH_RSA_WITH_AES_128_CBC_SHA, TLS_DHE_RSA_WITH_AES_128_CBC_SHA, TLS_DHE_DSS_WITH_AES_128_CBC_SHA, TLS_ECDHE_ECDSA_WITH_AES_128_GCM_SHA256, TLS_ECDHE_RSA_WITH_AES_128_GCM_SHA256, TLS_RSA_WITH_AES_128_GCM_SHA256, TLS_ECDH_ECDSA_WITH_AES_128_GCM_SHA256, TLS_ECDH_RSA_WITH_AES_128_GCM_SHA256, TLS_DHE_RSA_WITH_AES_128_GCM_SHA256, TLS_DHE_DSS_WITH_AES_128_GCM_SHA256, TLS_ECDHE_ECDSA_WITH_3DES_EDE_CBC_SHA, TLS_ECDHE_RSA_WITH_3DES_EDE_CBC_SHA, SSL_RSA_WITH_3DES_EDE_CBC_SHA, TLS_ECDH_ECDSA_WITH_3DES_EDE_CBC_SHA, TLS_ECDH_RSA_WITH_3DES_EDE_CBC_SHA, SSL_DHE_RSA_WITH_3DES_EDE_CBC_SHA, SSL_DHE_DSS_WITH_3DES_EDE_CBC_SHA, TLS_EMPTY_RENEGOTIATION_INFO_SCSV]
644  DEBUG [2017-01-20 00:16:18]  Starting handshake
1867 DEBUG [2017-01-20 00:16:19]  Secure session established
1868 DEBUG [2017-01-20 00:16:19]   negotiated protocol: TLSv1.2
1868 DEBUG [2017-01-20 00:16:19]   negotiated cipher suite: TLS_ECDHE_RSA_WITH_AES_128_GCM_SHA256
1869 DEBUG [2017-01-20 00:16:19]   peer principal: CN=*.github.com, O="GitHub, Inc.", L=San Francisco, ST=California, C=US
1870 DEBUG [2017-01-20 00:16:19]   peer alternative names: [*.github.com, github.com]
1870 DEBUG [2017-01-20 00:16:19]   issuer principal: CN=DigiCert SHA2 High Assurance Server CA, OU=www.digicert.com, O=DigiCert Inc, C=US
1876 DEBUG [2017-01-20 00:16:19]  Connection established 192.168.0.101:60132<->192.30.253.117:443
1877 DEBUG [2017-01-20 00:16:19]  Executing request GET /? HTTP/1.1
1877 DEBUG [2017-01-20 00:16:19]  Target auth state: UNCHALLENGED
1877 DEBUG [2017-01-20 00:16:19]  Proxy auth state: UNCHALLENGED
1879 DEBUG [2017-01-20 00:16:19]  http-outgoing-0 >> GET /? HTTP/1.1
1879 DEBUG [2017-01-20 00:16:19]  http-outgoing-0 >> Host: api.github.com
1879 DEBUG [2017-01-20 00:16:19]  http-outgoing-0 >> Connection: Keep-Alive
1879 DEBUG [2017-01-20 00:16:19]  http-outgoing-0 >> User-Agent: Apache-HttpClient/4.5.2 (Java/1.8.0_91)
1879 DEBUG [2017-01-20 00:16:19]  http-outgoing-0 >> Accept-Encoding: gzip,deflate
1879 DEBUG [2017-01-20 00:16:19]  http-outgoing-0 >> "GET /? HTTP/1.1[\r][\n]"
1879 DEBUG [2017-01-20 00:16:19]  http-outgoing-0 >> "Host: api.github.com[\r][\n]"
1880 DEBUG [2017-01-20 00:16:19]  http-outgoing-0 >> "Connection: Keep-Alive[\r][\n]"
1880 DEBUG [2017-01-20 00:16:19]  http-outgoing-0 >> "User-Agent: Apache-HttpClient/4.5.2 (Java/1.8.0_91)[\r][\n]"
1880 DEBUG [2017-01-20 00:16:19]  http-outgoing-0 >> "Accept-Encoding: gzip,deflate[\r][\n]"
1880 DEBUG [2017-01-20 00:16:19]  http-outgoing-0 >> "[\r][\n]"
2608 DEBUG [2017-01-20 00:16:20]  http-outgoing-0 << "HTTP/1.1 200 OK[\r][\n]"
2608 DEBUG [2017-01-20 00:16:20]  http-outgoing-0 << "Server: GitHub.com[\r][\n]"
2609 DEBUG [2017-01-20 00:16:20]  http-outgoing-0 << "Date: Thu, 19 Jan 2017 16:16:20 GMT[\r][\n]"
2609 DEBUG [2017-01-20 00:16:20]  http-outgoing-0 << "Content-Type: application/json; charset=utf-8[\r][\n]"
2609 DEBUG [2017-01-20 00:16:20]  http-outgoing-0 << "Transfer-Encoding: chunked[\r][\n]"
2609 DEBUG [2017-01-20 00:16:20]  http-outgoing-0 << "Status: 200 OK[\r][\n]"
2609 DEBUG [2017-01-20 00:16:20]  http-outgoing-0 << "X-RateLimit-Limit: 60[\r][\n]"
2609 DEBUG [2017-01-20 00:16:20]  http-outgoing-0 << "X-RateLimit-Remaining: 54[\r][\n]"
2609 DEBUG [2017-01-20 00:16:20]  http-outgoing-0 << "X-RateLimit-Reset: 1484845308[\r][\n]"
2609 DEBUG [2017-01-20 00:16:20]  http-outgoing-0 << "Cache-Control: public, max-age=60, s-maxage=60[\r][\n]"
2610 DEBUG [2017-01-20 00:16:20]  http-outgoing-0 << "Vary: Accept[\r][\n]"
2610 DEBUG [2017-01-20 00:16:20]  http-outgoing-0 << "ETag: W/"71c20e818259a283a4a0ff002435bd03"[\r][\n]"
2610 DEBUG [2017-01-20 00:16:20]  http-outgoing-0 << "X-GitHub-Media-Type: github.v3; format=json[\r][\n]"
2610 DEBUG [2017-01-20 00:16:20]  http-outgoing-0 << "Access-Control-Expose-Headers: ETag, Link, X-GitHub-OTP, X-RateLimit-Limit, X-RateLimit-Remaining, X-RateLimit-Reset, X-OAuth-Scopes, X-Accepted-OAuth-Scopes, X-Poll-Interval[\r][\n]"
2610 DEBUG [2017-01-20 00:16:20]  http-outgoing-0 << "Access-Control-Allow-Origin: *[\r][\n]"
2610 DEBUG [2017-01-20 00:16:20]  http-outgoing-0 << "Content-Security-Policy: default-src 'none'[\r][\n]"
2610 DEBUG [2017-01-20 00:16:20]  http-outgoing-0 << "Strict-Transport-Security: max-age=31536000; includeSubdomains; preload[\r][\n]"
2610 DEBUG [2017-01-20 00:16:20]  http-outgoing-0 << "X-Content-Type-Options: nosniff[\r][\n]"
2611 DEBUG [2017-01-20 00:16:20]  http-outgoing-0 << "X-Frame-Options: deny[\r][\n]"
2611 DEBUG [2017-01-20 00:16:20]  http-outgoing-0 << "X-XSS-Protection: 1; mode=block[\r][\n]"
2611 DEBUG [2017-01-20 00:16:20]  http-outgoing-0 << "Vary: Accept-Encoding[\r][\n]"
2611 DEBUG [2017-01-20 00:16:20]  http-outgoing-0 << "X-Served-By: 2811da37fbdda4367181b328b22b2499[\r][\n]"
2611 DEBUG [2017-01-20 00:16:20]  http-outgoing-0 << "Content-Encoding: gzip[\r][\n]"
2611 DEBUG [2017-01-20 00:16:20]  http-outgoing-0 << "X-GitHub-Request-Id: EAE4:7EEC:15842EA:1AD9EE9:5880E652[\r][\n]"
2611 DEBUG [2017-01-20 00:16:20]  http-outgoing-0 << "[\r][\n]"
2611 DEBUG [2017-01-20 00:16:20]  http-outgoing-0 << "1d9[\r][\n]"
2611 DEBUG [2017-01-20 00:16:20]  http-outgoing-0 << "[0x1f][0x8b][0x8][0x0][0x0][0x0][0x0][0x0][0x0][0x3][0x95][0x95]Mn[0xc2]0[0x10][0x85][0xef][0xc2][0xa2]+[0x84][0xf7]H[0x15]G[0x89]L2$n[0x93]8[0xd8][0x93]"jq[0xf7][0xce][0xd8][0x9]$T[0xb2][0x9d][\r][0xb0][0xf8][0xde][0xcc][0x9b]?[0xe3]v[0xe5]h[0xc][0xf4]X[0x8c][0x16]L1[0x9a]vw[0xdc]5[0x88][0x83]=[\n]"
2611 DEBUG [2017-01-20 00:16:20]  http-outgoing-0 << "![0x7]u[0xa8][0x15]6[0xe3][0xf9]P[0xea]N0[0xb1][0xdb][0xaf][0x5]r[0xc4]F[0x1b][0xf5]+Q[0xe9][0xde][0x16][\r]v[0xed][[0x90]E[0x0][0xb][0x88][0xaa][0xaf][0xad](u[0xdf]C[0xe9]%[0x94]dhU[0x19][0xf4]N[0x94][0xad]b3[0xaa]zP[0xa6][0xb7][0xe0]Qsk[0x96]m[0xea][\n]"
2611 DEBUG [2017-01-20 00:16:20]  http-outgoing-0 << "[\n]"
2612 DEBUG [2017-01-20 00:16:20]  http-outgoing-0 << "[0xb][0xd2][0x94]M[0xbc][0xac][0xc0][0x90][0xa7][\n]"
2612 DEBUG [2017-01-20 00:16:20]  http-outgoing-0 << "N[0xd7]Ow[0x1d][0xc1][0xdc][0x1f][0xee]c[0x90]5[0xec][0x7][0xea][0x89][0xff]a[0xb5][0xc1][0xbd]6[0x15][0x18]6F[0xdd][0xe8][0x14]n[0x8b][0xce][\n]"
2612 DEBUG [2017-01-20 00:16:20]  http-outgoing-0 << "[0x9b][0x9b][0x0]:[0xa9]Z[0x1b][0xf7][0xcd][0xe3][0x10][0x1]$K[0xd0][0xe9]/[0x95]P[0x4][0x86][0xe1][0x1f]jr[\n]"
2612 DEBUG [2017-01-20 00:16:20]  http-outgoing-0 << "[0xf6][0xc][0xc1][0x17][0x80]*[0xc1]z[0x84]Q[0xdd][0xb6][0xfa][0x6]&[0x81]{[0xe7]O[0xf6][0xa9][0xa3][0xd5][0xc8][0xa8]8[0xe8][0x88]u[0x2][0xa5][0xa9][0x1]y [0xb5][0xb2][0xa9]z<[0xe2][0x4]M[0xeb]E{[0x1d][0xcf]G[0x0][0xc5]V[0xd6][0x8e][0x9b]6[0xc9][0xb][0xb2]G[0x1d][0xe8][0xb8][0x91][0xc0][0x90][0x97]o[0xb8][0xe7][0xf4][0x96]1[0xa2]{[0x8d][0xea]2[0xdf]V<[0xc3][\n]"
2612 DEBUG [2017-01-20 00:16:20]  http-outgoing-0 << "%[0xa9]6[0xb5][0xec][0xa7][0xb3].[0xc][0xc][0xda]*[0xa4];[0x87]Dv[0x92]Y[0xe1][0xe8][0xf3]![0xbc][0xc8][0x9d][0xf0]>[0xd0][0x19][0xfd][0xbb]%[0x1e][0xda]*G[0xf4][0xb8]_aI6[0x8c]gz0[0x8a][0xdc][0x91][0x8b][0xc0][0x93][0xd0]H[0x84][0xa2]U|[0xb9][0xd1]l/[0x8e]Es[0xed][0xf7][0x84][0x88]9*[0xfd][0xd6][0xd3][0x13]![0x1c][0xcb][0xb8][0xc6][0x85]|[0xc3][[0xb4]lx[0xee][0x93][0xb1]z[0xc7][0xf3]'[0xe6]o1=+K[0xb7]f[0xa0]"
2616 DEBUG [2017-01-20 00:16:20]  http-outgoing-0 << HTTP/1.1 200 OK
2616 DEBUG [2017-01-20 00:16:20]  http-outgoing-0 << Server: GitHub.com
2616 DEBUG [2017-01-20 00:16:20]  http-outgoing-0 << Date: Thu, 19 Jan 2017 16:16:20 GMT
2616 DEBUG [2017-01-20 00:16:20]  http-outgoing-0 << Content-Type: application/json; charset=utf-8
2616 DEBUG [2017-01-20 00:16:20]  http-outgoing-0 << Transfer-Encoding: chunked
2616 DEBUG [2017-01-20 00:16:20]  http-outgoing-0 << Status: 200 OK
2616 DEBUG [2017-01-20 00:16:20]  http-outgoing-0 << X-RateLimit-Limit: 60
2616 DEBUG [2017-01-20 00:16:20]  http-outgoing-0 << X-RateLimit-Remaining: 54
2616 DEBUG [2017-01-20 00:16:20]  http-outgoing-0 << X-RateLimit-Reset: 1484845308
2617 DEBUG [2017-01-20 00:16:20]  http-outgoing-0 << Cache-Control: public, max-age=60, s-maxage=60
2617 DEBUG [2017-01-20 00:16:20]  http-outgoing-0 << Vary: Accept
2617 DEBUG [2017-01-20 00:16:20]  http-outgoing-0 << ETag: W/"71c20e818259a283a4a0ff002435bd03"
2617 DEBUG [2017-01-20 00:16:20]  http-outgoing-0 << X-GitHub-Media-Type: github.v3; format=json
2617 DEBUG [2017-01-20 00:16:20]  http-outgoing-0 << Access-Control-Expose-Headers: ETag, Link, X-GitHub-OTP, X-RateLimit-Limit, X-RateLimit-Remaining, X-RateLimit-Reset, X-OAuth-Scopes, X-Accepted-OAuth-Scopes, X-Poll-Interval
2617 DEBUG [2017-01-20 00:16:20]  http-outgoing-0 << Access-Control-Allow-Origin: *
2617 DEBUG [2017-01-20 00:16:20]  http-outgoing-0 << Content-Security-Policy: default-src 'none'
2617 DEBUG [2017-01-20 00:16:20]  http-outgoing-0 << Strict-Transport-Security: max-age=31536000; includeSubdomains; preload
2617 DEBUG [2017-01-20 00:16:20]  http-outgoing-0 << X-Content-Type-Options: nosniff
2617 DEBUG [2017-01-20 00:16:20]  http-outgoing-0 << X-Frame-Options: deny
2617 DEBUG [2017-01-20 00:16:20]  http-outgoing-0 << X-XSS-Protection: 1; mode=block
2617 DEBUG [2017-01-20 00:16:20]  http-outgoing-0 << Vary: Accept-Encoding
2617 DEBUG [2017-01-20 00:16:20]  http-outgoing-0 << X-Served-By: 2811da37fbdda4367181b328b22b2499
2617 DEBUG [2017-01-20 00:16:20]  http-outgoing-0 << Content-Encoding: gzip
2618 DEBUG [2017-01-20 00:16:20]  http-outgoing-0 << X-GitHub-Request-Id: EAE4:7EEC:15842EA:1AD9EE9:5880E652
2624 DEBUG [2017-01-20 00:16:20]  Connection can be kept alive indefinitely
2631 DEBUG [2017-01-20 00:16:20]  http-outgoing-0 << "[0x8a][0xf7][0xc0][0xc7][0x9a]H'B+[0x9c][0xf][0xce][0xad][0x98]Cd[0xf]n[0x12][0x90][0x14]Av[0xf1][0xd4]L[0xf0][0xca][0xe7][0xfd][0x8b][0xd1][0xa0][0x18]dW^[0xb0][0xdc][0xc4][0xc4][0x86][0xfb][0x1a]y[0x1f]g[0xed][0xb6]V[0xcf][0x99]3Z[0xee][0x9d]mX[0x1a][0xe6]3_[0x9d][0xc7][0x1f]O[0xd6]8[0x6][0xf7][0x7][0x0][0x0][\r][\n]"
2631 DEBUG [2017-01-20 00:16:20]  http-outgoing-0 << "0[\r][\n]"
2632 DEBUG [2017-01-20 00:16:20]  http-outgoing-0 << "[\r][\n]"
